  test.c
D:\vs2022实例\5_25_ParenthesesMatch\5_25_ParenthesesMatch\test.c(10,13): warning C4013: “strlen”未定义；假设外部返回 int
D:\vs2022实例\5_25_ParenthesesMatch\5_25_ParenthesesMatch\test.c(14,14): error C2057: 应输入常量表达式
D:\vs2022实例\5_25_ParenthesesMatch\5_25_ParenthesesMatch\test.c(14,16): error C2466: 不能分配常量大小为 0 的数组
D:\vs2022实例\5_25_ParenthesesMatch\5_25_ParenthesesMatch\test.c(14,9): error C2133: “str”: 未知的大小
